00:50:52: Creating resource group General
00:50:52: Creating resource group Internal
00:50:52: Creating resource group Autodetect
00:50:52: Registering ResourceManager for type Mesh
00:50:52: Registering ResourceManager for type Material
00:50:52: Registering ResourceManager for type Skeleton
00:50:52: XMLMeshSerializer reading mesh data from objectcube.mesh.xml...
00:50:52: Reading submeshes...
00:50:52: Reading geometry...
00:50:52: Geometry done...
00:50:52: Submeshes done.
00:50:52: XMLMeshSerializer import successful.
00:50:52: Reorganising vertex buffers to automatic layout..
00:50:52: MeshSerializer writing mesh data to objectcube.mesh...
00:50:52: File header written.
00:50:52: Writing mesh data...
00:50:52: Writing submesh...
00:50:52: Exporting submesh texture aliases...
00:50:52: Submesh texture aliases exported.
00:50:52: Submesh exported.
00:50:52: Exporting bounds information....
00:50:52: Bounds information exported.
00:50:52: Exporting submesh name table...
00:50:52: Submesh name table exported.
00:50:52: Exporting edge lists...
00:50:52: Edge lists exported
00:50:52: Mesh data exported.
00:50:52: MeshSerializer export successful.
00:50:52: Unregistering ResourceManager for type Skeleton
00:50:52: Unregistering ResourceManager for type Material
00:50:52: Unregistering ResourceManager for type Mesh
